<?xml version="1.0" encoding="UTF-8"?>
<!-- Generated by org.testng.reporters.JUnitReportReporter -->
<testsuite hostname="Janejiras-Air" failures="0" tests="3" name="taylormadeskincareWebPage.BAU_TC305" time="113.979" errors="0" timestamp="2022-04-05T21:24:45 EDT" skipped="0">
  <testcase classname="taylormadeskincareWebPage.BAU_TC305" name="test2" time="31.684"/>
  <system-out/>
  <testcase classname="taylormadeskincareWebPage.BAU_TC305" name="Test1" time="43.368"/>
  <system-out/>
  <testcase classname="taylormadeskincareWebPage.BAU_TC305" name="test3" time="38.927"/>
  <system-out/>
</testsuite> <!-- taylormadeskincareWebPage.BAU_TC305 -->
