<?xml version="1.0" encoding="UTF-8"?>
<!-- Generated by org.testng.reporters.JUnitReportReporter -->
<testsuite hostname="TABLET-Q7NOJ8OR" failures="0" tests="1" name="practice.DemoSite_Register" time="6.195" errors="0" timestamp="2022-03-22T11:24:41 EDT" skipped="0">
  <testcase classname="practice.DemoSite_Register" name="register" time="6.195"/>
  <system-out/>
</testsuite> <!-- practice.DemoSite_Register -->
