<?xml version="1.0" encoding="UTF-8"?>
<!-- Generated by org.testng.reporters.JUnitReportReporter -->
<testsuite hostname="Janejiras-Air" failures="0" tests="3" name="taylormadeskincareWebPage.BAU_TC305" time="48.601" errors="0" timestamp="2022-04-13T20:16:57 EDT" skipped="2">
  <testcase classname="taylormadeskincareWebPage.BAU_TC305" name="test3" time="48.601"/>
  <system-out/>
  <testcase classname="taylormadeskincareWebPage.BAU_TC305" name="Test1">
    <skipped/>
  </testcase> <!-- Test1 -->
  <system-out/>
  <testcase classname="taylormadeskincareWebPage.BAU_TC305" name="test2">
    <skipped/>
  </testcase> <!-- test2 -->
  <system-out/>
</testsuite> <!-- taylormadeskincareWebPage.BAU_TC305 -->
