<?xml version="1.0" encoding="UTF-8"?>
<!-- Generated by org.testng.reporters.JUnitReportReporter -->
<testsuite hostname="TABLET-Q7NOJ8OR" failures="0" tests="1" name="practice.DemoSite_Register" time="3.949" errors="0" timestamp="2022-03-22T23:12:24 EDT" skipped="0">
  <testcase classname="practice.DemoSite_Register" name="register" time="3.949"/>
  <system-out/>
</testsuite> <!-- practice.DemoSite_Register -->
