<?xml version="1.0" encoding="UTF-8"?>
<!-- Generated by org.testng.reporters.JUnitReportReporter -->
<testsuite hostname="Janejiras-MacBook-Air.local" failures="0" tests="1" name="shopWebPage.BAU_TC201" time="26.345" errors="0" timestamp="2022-04-02T15:10:33 EDT" skipped="0">
  <testcase classname="shopWebPage.BAU_TC201" name="Test" time="26.345"/>
  <system-out/>
</testsuite> <!-- shopWebPage.BAU_TC201 -->
